<?xml version="1.0" encoding="UTF-8" ?>
<testsuite tests="12" failures="0" name="test.TestePersist" time="13.37" errors="0" skipped="0">
  <properties>
[...]
</properties>
  <testcase classname="test.TestePersist" name="testProdutoSoma" time="4.872"/>
  <testcase classname="test.TestePersist" name="testMediaCidade" time="0.896"/>
  <testcase classname="test.TestePersist" name="testSave" time="0.755"/>
  <testcase classname="test.TestePersist" name="testConsultaParameter" time="0.804"/>
  <testcase classname="test.TestePersist" name="testProcuraCidade" time="0.747"/>
  <testcase classname="test.TestePersist" name="testConsultaId" time="0.758"/>
  <testcase classname="test.TestePersist" name="testConsultaNome" time="0.701"/>
  <testcase classname="test.TestePersist" name="testSaveProduto" time="0.806"/>
  <testcase classname="test.TestePersist" name="testUpdatePessoa" time="0.713"/>
  <testcase classname="test.TestePersist" name="testUpdateProduto" time="0.757"/>
  <testcase classname="test.TestePersist" name="testDeletePessoa" time="0.705"/>
  <testcase classname="test.TestePersist" name="testDeleteProduto" time="0.745"/>
</testsuite>