<?xml version="1.0" encoding="UTF-8" ?>
<testsuite tests="21" failures="0" name="testes.TesteJUnit" time="18.061" errors="0" skipped="0">
  <properties>
[...]
</properties>
  <testcase classname="testes.TesteJUnit" name="testDeleteItemNota" time="2.102"/>
  <testcase classname="testes.TesteJUnit" name="testMaisVendidosPessoaJuridica" time="0.915"/>
  <testcase classname="testes.TesteJUnit" name="testReadProduto" time="0.792"/>
  <testcase classname="testes.TesteJUnit" name="testUpdatePessoaJuridica" time="0.731"/>
  <testcase classname="testes.TesteJUnit" name="testReadPessoaJuridica" time="0.714"/>
  <testcase classname="testes.TesteJUnit" name="testUpdateNota" time="0.98"/>
  <testcase classname="testes.TesteJUnit" name="testDeletePessoaJuridica" time="0.711"/>
  <testcase classname="testes.TesteJUnit" name="testCriarPessoaFisica" time="0.783"/>
  <testcase classname="testes.TesteJUnit" name="testCreateProduto" time="0.846"/>
  <testcase classname="testes.TesteJUnit" name="testValorNota" time="0.766"/>
  <testcase classname="testes.TesteJUnit" name="testReadNota" time="0.713"/>
  <testcase classname="testes.TesteJUnit" name="testUpdateProduto" time="0.676"/>
  <testcase classname="testes.TesteJUnit" name="testCreateNota" time="0.803"/>
  <testcase classname="testes.TesteJUnit" name="testDeleteNota" time="0.733"/>
  <testcase classname="testes.TesteJUnit" name="testUpdateNotaIncludeItem" time="1.059"/>
  <testcase classname="testes.TesteJUnit" name="testDeleteProduto" time="0.712"/>
  <testcase classname="testes.TesteJUnit" name="testDeletePessoaFisica" time="0.816"/>
  <testcase classname="testes.TesteJUnit" name="testCriarPessoaJuridica" time="0.698"/>
  <testcase classname="testes.TesteJUnit" name="testMaisCompradosPessoaFisica" time="0.887"/>
  <testcase classname="testes.TesteJUnit" name="testUpdatePessoaFisica" time="0.79"/>
  <testcase classname="testes.TesteJUnit" name="testReadPessoaFisica" time="0.719"/>
</testsuite>